<?xml version="1.0" encoding="UTF-8"?>
<testsuite name="com.example.demo.repository.MemoryMemberRepositoryTest" tests="3" skipped="0" failures="0" errors="0" timestamp="2020-09-28T15:57:57" hostname="DESKTOP-AT1HIJB" time="0.196">
  <properties/>
  <testcase name="findAll()" classname="com.example.demo.repository.MemoryMemberRepositoryTest" time="0.008"/>
  <testcase name="findByName()" classname="com.example.demo.repository.MemoryMemberRepositoryTest" time="0.004"/>
  <testcase name="save()" classname="com.example.demo.repository.MemoryMemberRepositoryTest" time="0.184"/>
  <system-out><![CDATA[]]></system-out>
  <system-err><![CDATA[]]></system-err>
</testsuite>
