<?xml version="1.0" encoding="UTF-8"?>
<testsuite name="com.example.demo.service.MemberServiceTest" tests="3" skipped="0" failures="0" errors="0" timestamp="2020-09-28T15:57:58" hostname="DESKTOP-AT1HIJB" time="0.003">
  <properties/>
  <testcase name="findOne()" classname="com.example.demo.service.MemberServiceTest" time="0.0"/>
  <testcase name="join()" classname="com.example.demo.service.MemberServiceTest" time="0.001"/>
  <testcase name="findMembers()" classname="com.example.demo.service.MemberServiceTest" time="0.001"/>
  <system-out><![CDATA[]]></system-out>
  <system-err><![CDATA[]]></system-err>
</testsuite>
